[1] "speciestrees/output-small4"
[1] "here"
[1] "/Users/erfan/Main/oasis/1KP-new/speciestrees/output-small4"
[1] 0
[1] "/Users/erfan/Main/oasis/1KP-new/speciestrees/output-small4"
[1] "bootstrap is numeric"
[1] "merging finished!"
[1] "working on counts ..."
[1] "FAA"
[1] "here2"
  [1] -100 -100 -100 -100 -100 -100 -100 -100 -100 -100 -100 -100 -100 -100 -100
 [16] -100 -100 -100 -100 -100 -100 -100 -100 -100 -100 -100 -100 -100 -100 -100
 [31] -100 -100 -100 -100 -100 -100 -100 -100 -100 -100 -100 -100 -100 -100 -100
 [46] -100 -100 -100 -100 -100 -100 -100 -100 -100 -100 -100 -100 -100 -100 -100
 [61] -100 -100 -100 -100 -100 -100 -100 -100 -100 -100 -100 -100 -100 -100 -100
 [76] -100 -100 -100 -100 -100 -100 -100 -100 -100 -100 -100 -100 -100 -100 -100
 [91] -100 -100 -100 -100 -100 -100 -100 -100 -100 -100 -100 -100 -100 -100 -100
[106] -100 -100 -100 -100 -100 -100 -100 -100 -100 -100 -100 -100 -100 -100 -100
[121] -100 -100 -100 -100 -100 -100 -100 -100 -100 -100 -100 -100 -100 -100 -100
[136] -100 -100 -100 -100 -100 -100 -100 -100 -100 -100 -100 -100 -100 -100 -100
[151] -100 -100 -100 -100 -100 -100 -100 -100 -100 -100 -100 -100 -100 -100 -100
[166] -100 -100 -100 -100 -100 -100 -100 -100 -100 -100 -100 -100 -100 -100 -100
[181] -100 -100 -100 -100 -100 -100 -100 -100 -100 -100 -100 -100 -100 -100 -100
[196] -100 -100 -100 -100 -100 -100 -100 -100 -100 -100 -100 -100 -100 -100 -100
[211] -100 -100 -100 -100 -100 -100 -100 -100 -100 -100 -100 -100 -100 -100 -100
[226] -100 -100 -100 -100 -100 -100 -100 -100 -100 -100 -100 -100 -100 -100 -100
[241] -100  -50  -50  -50  -50  -50  -50  -50  -50  -50  -50  -50  -50  -50  -50
[256]  -50  -50  -50  -50  -50  -50  -50  -50  -50  -50  -50  -50  -50  -50  -50
[271]  -50  -50  -50  -50  -50  -50  -50  -50  -50  -50  -50  -50  -50  -50  -50
[286]  -50  -50  -50  -50  -50  -50  -50  -50  -50  -50  -50  -50  -50  -50  -50
[301]  -50  -50  -50  -50  -50  -50  -50  -50  -50  -50  -50  -50  -50  -50  -50
[316]  -50  -50  -50  -50  -50  -50  -50  -50  -50  -50  -50  -50  -50  -50  -50
[331]  -50  -50  -50  -50  -50  -50  -50  -50  -50  -50  -50  -50  -50  -50  -50
[346]  -50  -50  -50  -50  -50  -50  -50  -50  -50  -50  -50  -50  -50  -50  -50
[361]  -50  -50  -50  -50  -50  -50  -50  -50  -50  -50  -50  -50  -50  100   71
[376]   98   97   68   97   47   67   83   99  100   55   98   48   99  100   85
[391]   48   98   99   94  100  100   97  100  100  100   65  100   24   90  100
[406]   14   88  100  100  100  100  100   99  100   94  100  100   86  100  100
[421]  100  100  100  100  100  100  100  100   94   94  100   94   97  100   93
[436]   93  100   93   71   15  100  100   53  100   38   96  100   75   98   83
[451]   98  100   54   98  100  100  100  100  100   94  100  100   92  100  100
[466]  100  100  100  100   74   97   73   85  100  100  100   99  100  100   99
[481]  100   91  100  100   89   43   96   95  100  100  100   99  100   85   85
[496]  100   58  100   15   99   93   97  100  100  100   43   88  100   88  100
[511]  100  100   91  100  100   95  100  100  100  100  100   92  100  100   98
[526]  100  100  100  100  100  100   75   98   71   89  100  100  100  100   99
[541]   93  100   84  100  100   23   54  100   60  100  100   45  100  100  100
[556]  100   95  100  100   99  100  100  100  100  100  100  100  100   75  100
[571]   69   95   61  100   25   76   68   95   97  100  100   51   42   67   44
[586]   35  100   64   82  100  100   98  100  100   83  100   64   77   83  100
[601]  100  100   87   36   75   85  100  100   92   37  100  100  100  100   56
[616]   69  100  100   93   93  100   44   95  100   78   99   97   85  100   43
[631]   98  100  100  100   47   95   99   73  100  100  100   15  100  100   53
[646]  100   38   96  100   75   98   83   98  100   54  100   99
Warning message:
package ‘optparse’ was built under R version 3.4.1 
Loading required package: reshape
Loading required package: plyr

Attaching package: ‘plyr’

The following objects are masked from ‘package:reshape’:

    rename, round_any

Loading required package: ggplot2
Loading required package: scales
Using Classification, CLADE, DS as id variables
Using Classification as value column.  Use the value argument to cast to override this choice
Warning message:
In read.data(file.all = "clades.txt.res", file.hs = "clades.hs.txt.res",  :
  NAs introduced by coercion
